<?xml version="1.0" encoding="UTF-8" ?>
<testsuite errors="0" failures="0" hostname="massakra-K52JU" name="stuff.PawnTest" skipped="0" tests="7" time="0.411" timestamp="2014-12-09T15:13:36">
  <properties>
    <property name="default.javac.source" value="1.7" />
    <property name="file.encoding.pkg" value="sun.io" />
    <property name="jnlp.signing.alias" value="" />
    <property name="javac.source" value="1.7" />
    <property name="testng.debug.mode" value="" />
    <property name="java.home" value="/usr/lib/jvm/java-7-openjdk-amd64/jre" />
    <property name="test.src.dir" value="test" />
    <property name="libs.JAXB-ENDORSED.javadoc" value="" />
    <property name="sun.java2d.dpiaware" value="true" />
    <property name="libs.jaxws21.src" value="" />
    <property name="javadoc.version" value="false" />
    <property name="jnlp.mixed.code" value="default" />
    <property name="ant.file.type.Chess-impl" value="file" />
    <property name="libs.CopyLibs.classpath" value="/home/massakra/personal/programs/netbeans-7.4/java/ant/extra/org-netbeans-modules-java-j2seproject-copylibstask.jar" />
    <property name="libs.javac-api.src" value="" />
    <property name="sun.font.fontmanager" value="sun.awt.X11FontManager" />
    <property name="java.endorsed.dirs" value="/usr/lib/jvm/java-7-openjdk-amd64/jre/lib/endorsed" />
    <property name="libs.MySQLDriver.classpath" value="/home/massakra/personal/programs/netbeans-7.4/ide/modules/ext/mysql-connector-java-5.1.23-bin.jar" />
    <property name="libs.jaxb.javadoc" value="/home/massakra/personal/programs/netbeans-7.4/ide/docs/jaxb-api-doc.zip" />
    <property name="libs.junit.maven-pom" value="" />
    <property name="libs.PostgreSQLDriver.src" value="" />
    <property name="src.dir" value="src" />
    <property name="sun.java2d.noddraw" value="true" />
    <property name="debug-args-line" value="-Xdebug" />
    <property name="netbeans.hash.code" value="unique=NB_EXTIDE_PHP_WEBCOMMON083cafe77-f7c0-4139-91fa-3a50a48bbc32_2d8b9454-d87c-4041-aabd-cf41ec403e34" />
    <property name="build.sysclasspath" value="ignore" />
    <property name="have.sources" value="true" />
    <property name="includes" value="**" />
    <property name="javac.fork" value="false" />
    <property name="source.encoding" value="UTF-8" />
    <property name="libs.jaxws21.classpath" value="/home/massakra/personal/programs/netbeans-7.4/ide/modules/ext/jaxb/jaxb-impl.jar:/home/massakra/personal/programs/netbeans-7.4/ide/modules/ext/jaxb/jaxb-xjc.jar:/home/massakra/personal/programs/netbeans-7.4/java/modules/ext/jaxws22/FastInfoset.jar:/home/massakra/personal/programs/netbeans-7.4/java/modules/ext/jaxws22/gmbal-api-only.jar:/home/massakra/personal/programs/netbeans-7.4/java/modules/ext/jaxws22/ha-api.jar:/home/massakra/personal/programs/netbeans-7.4/java/modules/ext/jaxws22/javax.mail_1.4.jar:/home/massakra/personal/programs/netbeans-7.4/java/modules/ext/jaxws22/jaxws-rt.jar:/home/massakra/personal/programs/netbeans-7.4/java/modules/ext/jaxws22/jaxws-tools.jar:/home/massakra/personal/programs/netbeans-7.4/java/modules/ext/jaxws22/management-api.jar:/home/massakra/personal/programs/netbeans-7.4/java/modules/ext/jaxws22/mimepull.jar:/home/massakra/personal/programs/netbeans-7.4/java/modules/ext/jaxws22/policy.jar:/home/massakra/personal/programs/netbeans-7.4/java/modules/ext/jaxws22/saaj-impl.jar:/home/massakra/personal/programs/netbeans-7.4/java/modules/ext/jaxws22/stax-ex.jar:/home/massakra/personal/programs/netbeans-7.4/java/modules/ext/jaxws22/stax2-api.jar:/home/massakra/personal/programs/netbeans-7.4/java/modules/ext/jaxws22/streambuffer.jar:/home/massakra/personal/programs/netbeans-7.4/java/modules/ext/jaxws22/woodstox-core-asl.jar:/home/massakra/personal/programs/netbeans-7.4/java/modules/ext/jaxws22/api/jaxws-api.jar:/home/massakra/personal/programs/netbeans-7.4/java/modules/ext/jaxws22/api/jsr181-api.jar:/home/massakra/personal/programs/netbeans-7.4/java/modules/ext/jaxws22/api/javax.annotation.jar:/home/massakra/personal/programs/netbeans-7.4/java/modules/ext/jaxws22/api/saaj-api.jar:/home/massakra/personal/programs/netbeans-7.4/ide/modules/ext/jaxb/activation.jar:/home/massakra/personal/programs/netbeans-7.4/ide/modules/ext/jaxb/api/jaxb-api.jar:/home/massakra/personal/programs/netbeans-7.4/ide/modules/ext/jaxb/api/jsr173_1.0_api.jar" />
    <property name="sun.os.patch.level" value="unknown" />
    <property name="java.vendor.url" value="http://java.oracle.com/" />
    <property name="java.version" value="1.7.0_65" />
    <property name="nb.show.statistics.ui" value="usageStatisticsEnabled" />
    <property name="libs.testng.src" value="" />
    <property name="javac.debug" value="true" />
    <property name="netbeans.running.environment" value="gnome" />
    <property name="org.openide.major.version" value="IDE/1" />
    <property name="libs.JAXB-ENDORSED.classpath" value="/home/massakra/personal/programs/netbeans-7.4/ide/modules/ext/jaxb/api/jaxb-api.jar" />
    <property name="run.classpath" value=":build/classes" />
    <property name="libs.PostgreSQLDriver.maven-pom" value="" />
    <property name="java.vendor.url.bug" value="http://bugreport.sun.com/bugreport/" />
    <property name="netbeans.autoupdate.variant" value="" />
    <property name="auxiliary.org-netbeans-spi-editor-hints-projects.perProjectHintSettingsFile" value="nbproject/cfg_hints.xml" />
    <property name="libs.junit_4.maven-pom" value="" />
    <property name="netbeans.buildnumber" value="201310111528" />
    <property name="ant.project.invoked-targets" value="test" />
    <property name="jna.platform.library.path" value="/usr/lib/x86_64-linux-gnu:/lib/x86_64-linux-gnu:/lib64:/usr/lib:/lib" />
    <property name="annotation.processing.run.all.processors" value="true" />
    <property name="manifest.file" value="manifest.mf" />
    <property name="user.name" value="massakra" />
    <property name="jnlp.enabled" value="false" />
    <property name="manifest.custom.codebase" value="" />
    <property name="libs.testng.maven-pom" value="" />
    <property name="empty.dir" value="/home/massakra/personal/work/Java/Chess/build/empty" />
    <property name="sun.io.unicode.encoding" value="UnicodeLittle" />
    <property name="sun.jnu.encoding" value="UTF-8" />
    <property name="java.runtime.name" value="OpenJDK Runtime Environment" />
    <property name="application.vendor" value="massakra" />
    <property name="php.global.include.path" value="" />
    <property name="jdk.home" value="/usr/lib/jvm/java-7-openjdk-amd64" />
    <property name="netbeans.autoupdate.version" value="1.23" />
    <property name="netbeans.dirs" value="/home/massakra/personal/programs/netbeans-7.4/nb:/home/massakra/personal/programs/netbeans-7.4/ergonomics:/home/massakra/personal/programs/netbeans-7.4/ide:/home/massakra/personal/programs/netbeans-7.4/extide:/home/massakra/personal/programs/netbeans-7.4/java:/home/massakra/personal/programs/netbeans-7.4/apisupport:/home/massakra/personal/programs/netbeans-7.4/webcommon:/home/massakra/personal/programs/netbeans-7.4/websvccommon:/home/massakra/personal/programs/netbeans-7.4/enterprise:/home/massakra/personal/programs/netbeans-7.4/mobility:/home/massakra/personal/programs/netbeans-7.4/profiler:/home/massakra/personal/programs/netbeans-7.4/python:/home/massakra/personal/programs/netbeans-7.4/php:/home/massakra/personal/programs/netbeans-7.4/identity:/home/massakra/personal/programs/netbeans-7.4/harness:/home/massakra/personal/programs/netbeans-7.4/cnd:/home/massakra/personal/programs/netbeans-7.4/dlight:/home/massakra/personal/programs/netbeans-7.4/groovy:/home/massakra/personal/programs/netbeans-7.4/extra:/home/massakra/personal/programs/netbeans-7.4/javacard:/home/massakra/personal/programs/netbeans-7.4/javafx:" />
    <property name="main.class.available" value="true" />
    <property name="java.specification.name" value="Java Platform API Specification" />
    <property name="sun.awt.datatransfer.timeout" value="1000" />
    <property name="javadoc.author" value="false" />
    <property name="ap.proc.none.internal" value="" />
    <property name="user.timezone" value="" />
    <property name="nb.native.filechooser" value="false" />
    <property name="manifest.available" value="true" />
    <property name="libs.junit.javadoc" value="/home/massakra/personal/programs/netbeans-7.4/java/docs/junit-3.8.2-api.zip" />
    <property name="org.openide.specification.version" value="6.2" />
    <property name="path.separator" value=":" />
    <property name="testng.mode" value="testng" />
    <property name="version-output" value="java version &quot;1.7" />
    <property name="libs.jaxb.maven-pom" value="" />
    <property name="jnlp.signing" value="" />
    <property name="netbeans.accept_license_class" value="org.netbeans.license.AcceptLicense" />
    <property name="file.encoding" value="UTF-8" />
    <property name="dist.javadoc.dir" value="dist/javadoc" />
    <property name="ant.project.default-target" value="default" />
    <property name="javac.profile.cmd.line.arg" value="" />
    <property name="libs.JAXB-ENDORSED.src" value="" />
    <property name="manifest.custom.permissions" value="" />
    <property name="sun.java.command" value="org.apache.tools.ant.taskdefs.optional.junit.JUnitTestRunner stuff.PawnTest filtertrace=true haltOnError=false haltOnFailure=false showoutput=true outputtoformatters=true logfailedtests=true logtestlistenerevents=true formatter=org.apache.tools.ant.taskdefs.optional.junit.BriefJUnitResultFormatter formatter=org.apache.tools.ant.taskdefs.optional.junit.XMLJUnitResultFormatter,/home/massakra/personal/work/Java/Chess/build/test/results/TEST-stuff.PawnTest.xml crashfile=/home/massakra/personal/work/Java/Chess/build/junitvmwatcher5878166481692436295.properties propsfile=/home/massakra/personal/work/Java/Chess/build/junit6672547222274746877.properties" />
    <property name="https.nonProxyHosts" value="localhost|127.0.0.1|massakra-K52JU" />
    <property name="built-jar.properties" value="/home/massakra/personal/work/Java/Chess/build/built-jar.properties" />
    <property name="libs.junit.src" value="" />
    <property name="ant.junit.enabletestlistenerevents" value="true" />
    <property name="ant.file.type.Chess" value="file" />
    <property name="ant.file" value="/home/massakra/personal/work/Java/Chess/build.xml" />
    <property name="libs.junit_4.src" value="/home/massakra/personal/programs/netbeans-7.4/java/docs/junit-4.10-sources.jar" />
    <property name="junit.available" value="true" />
    <property name="netbeans.autoupdate.language" value="ru" />
    <property name="do.jar" value="true" />
    <property name="java.io.tmpdir" value="/tmp" />
    <property name="build.test.results.dir" value="build/test/results" />
    <property name="user.language" value="ru" />
    <property name="line.separator" value="&#xa;" />
    <property name="apple.laf.useScreenMenuBar" value="true" />
    <property name="javac.compilerargs" value="" />
    <property name="jar.compress" value="false" />
    <property name="debug-transport-by-os" value="dt_socket" />
    <property name="libs.JWSAntTasks.src" value="" />
    <property name="java.vm.info" value="mixed mode" />
    <property name="libs.javac-api.maven-pom" value="" />
    <property name="javadoc.private" value="false" />
    <property name="annotation.processing.processors.list" value="" />
    <property name="sun.desktop" value="gnome" />
    <property name="java.vm.specification.name" value="Java Virtual Machine Specification" />
    <property name="build.test.classes.dir" value="build/test/classes" />
    <property name="libs.jaxb.src" value="" />
    <property name="libs.MySQLDriver.javadoc" value="" />
    <property name="test.binaryexcludes" value="" />
    <property name="netbeans.dynamic.classpath" value="/home/massakra/personal/programs/netbeans-7.4/platform/core/core.jar:/home/massakra/personal/programs/netbeans-7.4/platform/core/org-openide-filesystems.jar:/home/massakra/personal/programs/netbeans-7.4/platform/core/locale/core_zh_CN.jar:/home/massakra/personal/programs/netbeans-7.4/platform/core/locale/org-openide-filesystems_ru.jar:/home/massakra/personal/programs/netbeans-7.4/platform/core/locale/org-openide-filesystems_zh_CN.jar:/home/massakra/personal/programs/netbeans-7.4/platform/core/locale/core_ru.jar:/home/massakra/personal/programs/netbeans-7.4/platform/core/locale/core_ja.jar:/home/massakra/personal/programs/netbeans-7.4/platform/core/locale/org-openide-filesystems_pt_BR.jar:/home/massakra/personal/programs/netbeans-7.4/platform/core/locale/org-openide-filesystems_ja.jar:/home/massakra/personal/programs/netbeans-7.4/platform/core/locale/core_pt_BR.jar:/home/massakra/personal/programs/netbeans-7.4/nb/core/org-netbeans-upgrader.jar:/home/massakra/personal/programs/netbeans-7.4/nb/core/locale/org-netbeans-upgrader_pt_BR.jar:/home/massakra/personal/programs/netbeans-7.4/nb/core/locale/core_nb.jar:/home/massakra/personal/programs/netbeans-7.4/nb/core/locale/core_nb_pt_BR.jar:/home/massakra/personal/programs/netbeans-7.4/nb/core/locale/org-netbeans-upgrader_ja.jar:/home/massakra/personal/programs/netbeans-7.4/nb/core/locale/core_nb_ru.jar:/home/massakra/personal/programs/netbeans-7.4/nb/core/locale/org-netbeans-upgrader_ru.jar:/home/massakra/personal/programs/netbeans-7.4/nb/core/locale/core_nb_ja.jar:/home/massakra/personal/programs/netbeans-7.4/nb/core/locale/org-netbeans-upgrader_zh_CN.jar:/home/massakra/personal/programs/netbeans-7.4/nb/core/locale/core_nb_zh_CN.jar" />
    <property name="platform.active" value="default_platform" />
    <property name="ap.cmd.line.internal" value="" />
    <property name="jdkBug6558476" value="false" />
    <property name="http.nonProxyHosts" value="localhost|127.0.0.1|massakra-K52JU" />
    <property name="libs.junit_4.javadoc" value="/home/massakra/personal/programs/netbeans-7.4/java/docs/junit-4.10-javadoc.jar" />
    <property name="endorsed.classpath" value="" />
    <property name="netbeans.autoupdate.country" value="UA" />
    <property name="do.mkdist" value="true" />
    <property name="javadoc.encoding" value="UTF-8" />
    <property name="java.awt.printerjob" value="sun.print.PSPrinterJob" />
    <property name="ap.processors.internal" value="" />
    <property name="do.archive" value="true" />
    <property name="dist.jar" value="dist/Chess.jar" />
    <property name="meta.inf.dir" value="src/META-INF" />
    <property name="ant.version" value="Apache Ant(TM) version 1.9.1 compiled on May 15 2013" />
    <property name="netbeans.home" value="/home/massakra/personal/programs/netbeans-7.4/platform" />
    <property name="javadoc.nonavbar" value="false" />
    <property name="user.properties.file" value="/home/massakra/.netbeans/7.4/build.properties" />
    <property name="libs.JWSAntTasks.classpath" value="/home/massakra/personal/programs/netbeans-7.4/java/ant/extra/org-netbeans-modules-javawebstart-anttasks.jar" />
    <property name="netbeans.importclass" value="org.netbeans.upgrade.AutoUpgrade" />
    <property name="annotation.processing.source.output" value="build/generated-sources/ap-source-output" />
    <property name="libs.CopyLibs.maven-pom" value="" />
    <property name="build.generated.dir" value="build/generated" />
    <property name="netbeans.home+have.tests" value="true" />
    <property name="apple.awt.graphics.UseQuartz" value="true" />
    <property name="os.name" value="Linux" />
    <property name="java.specification.vendor" value="Oracle Corporation" />
    <property name="nb.wait.for.caches" value="true" />
    <property name="run.test.classpath" value=":build/classes:/home/massakra/personal/programs/netbeans-7.4/platform/modules/ext/junit-4.10.jar:build/test/classes" />
    <property name="do.archive+main.class.available" value="true" />
    <property name="java.vm.name" value="OpenJDK 64-Bit Server VM" />
    <property name="libs.CopyLibs.src" value="" />
    <property name="org.openide.version" value="deprecated" />
    <property name="sun.awt.enableExtraMouseButtons" value="true" />
    <property name="libs.junit.classpath" value="/home/massakra/personal/programs/netbeans-7.4/java/modules/ext/junit-3.8.2.jar" />
    <property name="java.library.path" value="/usr/lib/jvm/java-7-openjdk-amd64/jre/lib/amd64:/usr/lib/jvm/java-7-openjdk-amd64/jre/lib/i386::/usr/java/packages/lib/amd64:/usr/lib/x86_64-linux-gnu/jni:/lib/x86_64-linux-gnu:/usr/lib/x86_64-linux-gnu:/usr/lib/jni:/lib:/usr/lib" />
    <property name="ap.supported.internal" value="true" />
    <property name="libs.PostgreSQLDriver.javadoc" value="" />
    <property name="ant.java.version" value="1.7" />
    <property name="java.class.version" value="51.0" />
    <property name="javadoc.noindex" value="false" />
    <property name="jna.boot.library.name" value="jnidispatch-340" />
    <property name="basedir" value="/home/massakra/personal/work/Java/Chess" />
    <property name="javac.test.classpath" value=":build/classes:/home/massakra/personal/programs/netbeans-7.4/platform/modules/ext/junit-4.10.jar" />
    <property name="javac.processorpath" value="" />
    <property name="ant.file.Chess-impl" value="/home/massakra/personal/work/Java/Chess/nbproject/build-impl.xml" />
    <property name="ant.home" value="/home/massakra/personal/programs/netbeans-7.4/extide/ant" />
    <property name="javadoc.splitindex" value="true" />
    <property name="libs.javac-api.javadoc" value="" />
    <property name="javac.test.processorpath" value=":build/classes:/home/massakra/personal/programs/netbeans-7.4/platform/modules/ext/junit-4.10.jar" />
    <property name="javadoc.preview" value="true" />
    <property name="libs.MySQLDriver.maven-pom" value="" />
    <property name="copylibs.rebase" value="true" />
    <property name="libs.CopyLibs.javadoc" value="" />
    <property name="libs.PostgreSQLDriver.classpath" value="/home/massakra/personal/programs/netbeans-7.4/ide/modules/ext/postgresql-9.2-1002.jdbc4.jar" />
    <property name="jnlp.signing.keystore" value="" />
    <property name="junit.forkmode" value="perTest" />
    <property name="test.binarytestincludes" value="" />
    <property name="libs.jaxws21.maven-pom" value="" />
    <property name="libs.junit_4.classpath" value="/home/massakra/personal/programs/netbeans-7.4/platform/modules/ext/junit-4.10.jar" />
    <property name="sun.boot.library.path" value="/usr/lib/jvm/java-7-openjdk-amd64/jre/lib/amd64" />
    <property name="nu.validator.spec.alt-advice" value="jar:file:/home/massakra/personal/programs/netbeans-7.4/ide/modules/ext/validator.jar!/nu/validator/localentities/files/wiki_whatwg_org_wiki_Validator_nu_alt_advice" />
    <property name="build.dir" value="build" />
    <property name="dist.archive.excludes" value="" />
    <property name="application.title" value="Chess" />
    <property name="sun.management.compiler" value="HotSpot 64-Bit Tiered Compilers" />
    <property name="java.awt.graphicsenv" value="sun.awt.X11GraphicsEnvironment" />
    <property name="libs.testng.classpath" value="/home/massakra/personal/programs/netbeans-7.4/platform/modules/ext/testng-6.8.1-dist.jar" />
    <property name="javadoc.encoding.used" value="UTF-8" />
    <property name="libs.testng.javadoc" value="/home/massakra/personal/programs/netbeans-7.4/platform/docs/testng-6.8.1-javadoc.zip" />
    <property name="javadoc.windowtitle" value="" />
    <property name="netbeans.productversion" value="NetBeans IDE 7.4 (Build 201310111528)" />
    <property name="libs.JAXB-ENDORSED.maven-pom" value="" />
    <property name="run.jvmargs.ide" value="" />
    <property name="annotation.processing.enabled" value="true" />
    <property name="run.jvmargs" value="" />
    <property name="nb.junit.single" value="false" />
    <property name="build.generated.sources.dir" value="build/generated-sources" />
    <property name="build.compiler.emacs" value="true" />
    <property name="ant.project.name" value="Chess" />
    <property name="nu.validator.spec.microsyntax-descriptions" value="jar:file:/home/massakra/personal/programs/netbeans-7.4/ide/modules/ext/validator.jar!/nu/validator/localentities/files/wiki_whatwg_org_wiki_MicrosyntaxDescriptions" />
    <property name="org.openide.awt.SwingBrowserImpl.do-not-block-awt" value="false" />
    <property name="java.vm.specification.version" value="1.7" />
    <property name="libs.jaxb.classpath" value="/home/massakra/personal/programs/netbeans-7.4/ide/modules/ext/jaxb/jaxb-impl.jar:/home/massakra/personal/programs/netbeans-7.4/ide/modules/ext/jaxb/jaxb-xjc.jar:/home/massakra/personal/programs/netbeans-7.4/ide/modules/ext/jaxb/jaxb1-impl.jar:/home/massakra/personal/programs/netbeans-7.4/ide/modules/ext/jaxb/activation.jar:/home/massakra/personal/programs/netbeans-7.4/ide/modules/ext/jaxb/api/jaxb-api.jar:/home/massakra/personal/programs/netbeans-7.4/ide/modules/ext/jaxb/api/jsr173_1.0_api.jar" />
    <property name="work.dir" value="/home/massakra/personal/work/Java/Chess" />
    <property name="awt.toolkit" value="sun.awt.X11.XToolkit" />
    <property name="javadoc.use" value="true" />
    <property name="sun.cpu.isalist" value="" />
    <property name="java.ext.dirs" value="/usr/lib/jvm/java-7-openjdk-amd64/jre/lib/ext:/usr/java/packages/lib/ext" />
    <property name="netbeans.default_userdir_root" value="/home/massakra/.netbeans" />
    <property name="os.version" value="3.13.0-40-generic" />
    <property name="excludes" value="" />
    <property name="jnlp.descriptor" value="application" />
    <property name="user.home" value="/home/massakra" />
    <property name="org.xml.sax.driver" value="com.sun.org.apache.xerces.internal.jaxp.SAXParserImpl$JAXPSAXParser" />
    <property name="java.vm.vendor" value="Oracle Corporation" />
    <property name="user.dir" value="/home/massakra/personal/work/Java/Chess" />
    <property name="debug-transport" value="dt_socket" />
    <property name="application.args" value="" />
    <property name="sun.cpu.endian" value="little" />
    <property name="compile.on.save" value="true" />
    <property name="ignore.failing.tests" value="true" />
    <property name="endorsed.classpath.cmd.line.arg" value="" />
    <property name="jar.index" value="false" />
    <property name="jnlp.offline-allowed" value="false" />
    <property name="libs.MySQLDriver.src" value="" />
    <property name="java.vm.version" value="24.65-b04" />
    <property name="test.binaryincludes" value="&lt;nothing&gt;" />
    <property name="java.class.path" value="/home/massakra/personal/work/Java/Chess/build/classes:/home/massakra/personal/programs/netbeans-7.4/platform/modules/ext/junit-4.10.jar:/home/massakra/personal/work/Java/Chess/build/test/classes:/home/massakra/personal/programs/netbeans-7.4/extide/ant/lib/ant-launcher.jar:/home/massakra/personal/programs/netbeans-7.4/extide/ant/lib/ant.jar:/home/massakra/personal/programs/netbeans-7.4/extide/ant/lib/ant-junit.jar:/home/massakra/personal/programs/netbeans-7.4/extide/ant/lib/ant-junit4.jar" />
    <property name="annotation.processing.processor.options" value="" />
    <property name="nb.internal.action.name" value="test" />
    <property name="os.arch" value="amd64" />
    <property name="javac.deprecation" value="false" />
    <property name="build.classes.excludes" value="**/*.java,**/*.form" />
    <property name="dist.dir" value="dist" />
    <property name="ant.file.Chess" value="/home/massakra/personal/work/Java/Chess/build.xml" />
    <property name="debug.classpath" value=":build/classes" />
    <property name="netbeans.user" value="/home/massakra/.netbeans/7.4" />
    <property name="sun.java.launcher" value="SUN_STANDARD" />
    <property name="jar.index.metainf" value="false" />
    <property name="jnlp.codebase.type" value="no.codebase" />
    <property name="platform.java" value="/usr/lib/jvm/java-7-openjdk-amd64/jre/bin/java" />
    <property name="annotation.processing.enabled.in.editor" value="false" />
    <property name="ant.core.lib" value="/home/massakra/personal/programs/netbeans-7.4/extide/ant/lib/ant.jar" />
    <property name="jnlp.signed" value="false" />
    <property name="java.vm.specification.vendor" value="Oracle Corporation" />
    <property name="do.depend" value="false" />
    <property name="file.separator" value="/" />
    <property name="java.runtime.version" value="1.7.0_65-b32" />
    <property name="sun.boot.class.path" value="/usr/lib/jvm/java-7-openjdk-amd64/jre/lib/resources.jar:/usr/lib/jvm/java-7-openjdk-amd64/jre/lib/rt.jar:/usr/lib/jvm/java-7-openjdk-amd64/jre/lib/sunrsasign.jar:/usr/lib/jvm/java-7-openjdk-amd64/jre/lib/jsse.jar:/usr/lib/jvm/java-7-openjdk-amd64/jre/lib/jce.jar:/usr/lib/jvm/java-7-openjdk-amd64/jre/lib/charsets.jar:/usr/lib/jvm/java-7-openjdk-amd64/jre/lib/rhino.jar:/usr/lib/jvm/java-7-openjdk-amd64/jre/lib/jfr.jar:/usr/lib/jvm/java-7-openjdk-amd64/jre/classes" />
    <property name="debug.test.classpath" value=":build/classes:/home/massakra/personal/programs/netbeans-7.4/platform/modules/ext/junit-4.10.jar:build/test/classes" />
    <property name="nb.junit.batch" value="true" />
    <property name="main.class" value="game.Game" />
    <property name="have.tests" value="true" />
    <property name="jar.archive.disabled" value="false" />
    <property name="libs.JWSAntTasks.maven-pom" value="" />
    <property name="java.util.logging.config.class" value="org.netbeans.core.startup.TopLogging" />
    <property name="libs.javac-api.classpath" value="/home/massakra/personal/programs/netbeans-7.4/java/modules/ext/nb-javac-api.jar" />
    <property name="user.country" value="UA" />
    <property name="javadoc.notree" value="false" />
    <property name="libs.jaxws21.javadoc" value="/home/massakra/personal/programs/netbeans-7.4/java/docs/jaxws-api-doc.zip" />
    <property name="default.javac.target" value="1.7" />
    <property name="javac.classpath" value="" />
    <property name="javadoc.additionalparam" value="" />
    <property name="build.classes.dir" value="build/classes" />
    <property name="do.archive+manifest.available" value="true" />
    <property name="java.vendor" value="Oracle Corporation" />
    <property name="javac.target" value="1.7" />
    <property name="runtime.encoding" value="UTF-8" />
    <property name="java.specification.version" value="1.7" />
    <property name="libs.JWSAntTasks.javadoc" value="" />
    <property name="mkdist.disabled" value="false" />
    <property name="sun.arch.data.model" value="64" />
  </properties>
  <testcase classname="stuff.PawnTest" name="startCoordinates" time="0.013" />
  <testcase classname="stuff.PawnTest" name="moveFollow" time="0.001" />
  <testcase classname="stuff.PawnTest" name="moveDiagonalWrong" time="0.001" />
  <testcase classname="stuff.PawnTest" name="moveBackWrong" time="0.0" />
  <testcase classname="stuff.PawnTest" name="moveTwoCellOnlyAtFirstTime" time="0.001" />
  <testcase classname="stuff.PawnTest" name="attack" time="0.001" />
  <testcase classname="stuff.PawnTest" name="attackBackWrong" time="0.001" />
  <system-out><![CDATA[Figure can not attack to this cell!
]]></system-out>
  <system-err><![CDATA[]]></system-err>
</testsuite>
